<?xml version="1.0" encoding="UTF-8" standalone="no"?>
<testsuite errors="0" failures="0" name="io.cucumber.core.plugin.JUnitFormatter" skipped="0" tests="3" time="0.364">
    <testcase classname="Hooks Test in Cucumber" name="Add new customer" time="0.075">
        <system-out><![CDATA[Given user is on add customer details page..................................passed
When user fills the customer details........................................passed
Then customer is added......................................................passed
]]></system-out>
    </testcase>
    <testcase classname="Hooks Test in Cucumber" name="Edit the customer" time="0.007">
        <system-out><![CDATA[Given user is on Edit customer page.........................................passed
When user fills the customer details........................................passed
Then contact details updated................................................passed
]]></system-out>
    </testcase>
    <testcase classname="Hooks Test in Cucumber" name="Delete the customer" time="0.004">
        <system-out><![CDATA[Given user is on Delete customer page.......................................passed
When user delete customer...................................................passed
Then Customer deleted.......................................................passed
]]></system-out>
    </testcase>
</testsuite>
